0 info it worked if it ends with ok
1 verbose cli [ '/home/nisarg/Desktop/node-v6.9.5-linux-x64/bin/node',
1 verbose cli   '/home/nisarg/Desktop/node-v6.9.5-linux-x64/bin/npm',
1 verbose cli   'start' ]
2 info using npm@3.10.10
3 info using node@v6.9.5
4 verbose stack Error: missing script: start
4 verbose stack     at run (/home/nisarg/Desktop/node-v6.9.5-linux-x64/lib/node_modules/npm/lib/run-script.js:151:19)
4 verbose stack     at /home/nisarg/Desktop/node-v6.9.5-linux-x64/lib/node_modules/npm/lib/run-script.js:61:5
4 verbose stack     at /home/nisarg/Desktop/node-v6.9.5-linux-x64/lib/node_modules/npm/node_modules/read-package-json/read-json.js:356:5
4 verbose stack     at checkBinReferences_ (/home/nisarg/Desktop/node-v6.9.5-linux-x64/lib/node_modules/npm/node_modules/read-package-json/read-json.js:320:45)
4 verbose stack     at final (/home/nisarg/Desktop/node-v6.9.5-linux-x64/lib/node_modules/npm/node_modules/read-package-json/read-json.js:354:3)
4 verbose stack     at then (/home/nisarg/Desktop/node-v6.9.5-linux-x64/lib/node_modules/npm/node_modules/read-package-json/read-json.js:124:5)
4 verbose stack     at ReadFileContext.<anonymous> (/home/nisarg/Desktop/node-v6.9.5-linux-x64/lib/node_modules/npm/node_modules/read-package-json/read-json.js:295:20)
4 verbose stack     at ReadFileContext.callback (/home/nisarg/Desktop/node-v6.9.5-linux-x64/lib/node_modules/npm/node_modules/graceful-fs/graceful-fs.js:78:16)
4 verbose stack     at FSReqWrap.readFileAfterOpen [as oncomplete] (fs.js:365:13)
5 verbose cwd /home/nisarg/Desktop/github_projects/desikitab/src/services/showcase
6 error Linux 4.4.0-104-generic
7 error argv "/home/nisarg/Desktop/node-v6.9.5-linux-x64/bin/node" "/home/nisarg/Desktop/node-v6.9.5-linux-x64/bin/npm" "start"
8 error node v6.9.5
9 error npm  v3.10.10
10 error missing script: start
11 error If you need help, you may report this error at:
11 error     <https://github.com/npm/npm/issues>
12 verbose exit [ 1, true ]
